R0:3233315.037737,0.041792,3233315.037783,3233315.079575
R1:3233315.221140,0.133472,3233315.221207,3233315.354680
R2:3233315.373979,0.018341,3233315.374042,3233315.392383
R3:3233315.616629,0.121834,3233315.616702,3233315.738536
R4:3233315.657466,0.067281,3233315.738554,3233315.805835
R5:3233315.690015,0.082600,3233315.805843,3233315.888443
R6:3233315.754916,0.060026,3233315.888450,3233315.948477
R7:3233315.800301,0.206605,3233315.948484,3233316.155090
R8:3233316.104444,0.105280,3233316.155098,3233316.260378
R9:3233316.205431,0.077822,3233316.260386,3233316.338208
R10:3233316.220713,0.023187,3233316.338215,3233316.361402
R11:3233316.222363,0.135879,3233316.361407,3233316.497285
R12:3233316.237130,0.042700,3233316.497294,3233316.539994
R13:3233316.254176,0.009600,3233316.540002,3233316.549602
R14:3233316.268085,0.020519,3233316.549608,3233316.570128
R15:3233316.951589,0.152254,3233316.951661,3233317.103915
R16:3233317.023533,0.029252,3233317.103935,3233317.133187
R17:3233317.118380,0.061912,3233317.133194,3233317.195106
R18:3233317.219874,0.300302,3233317.219954,3233317.520256
R19:3233317.287919,0.122966,3233317.520276,3233317.643242
R20:3233317.322530,0.122442,3233317.643251,3233317.765692
R21:3233317.397349,0.185106,3233317.765699,3233317.950806
R22:3233317.448478,0.036214,3233317.950837,3233317.987051
R23:3233317.481796,0.209469,3233317.987061,3233318.196531
R24:3233317.646687,0.248530,3233318.196545,3233318.445076
R25:3233317.653924,0.007499,3233318.445084,3233318.452583
R26:3233317.728581,0.090695,3233318.452590,3233318.543285
R27:3233317.749933,0.035757,3233318.543292,3233318.579049
R28:3233317.970876,0.001686,3233318.579056,3233318.580742
R29:3233317.977515,0.005431,3233318.580748,3233318.586179
R30:3233318.038712,0.293994,3233318.586186,3233318.880180
R31:3233318.065936,0.158606,3233318.880188,3233319.038794
R32:3233318.298431,0.064667,3233319.038800,3233319.103467
R33:3233318.329452,0.119013,3233319.103473,3233319.222486
R34:3233318.376489,0.091816,3233319.222495,3233319.314311
R35:3233318.448348,0.003339,3233319.314318,3233319.317657
R36:3233318.524200,0.223819,3233319.317664,3233319.541483
R37:3233318.581766,0.106364,3233319.541490,3233319.647855
R38:3233318.848861,0.111788,3233319.647861,3233319.759649
R39:3233318.882316,0.036419,3233319.759657,3233319.796076
R40:3233318.984481,0.015124,3233319.796083,3233319.811207
R41:3233319.100918,0.176741,3233319.811214,3233319.987955
R42:3233319.158926,0.033415,3233319.988027,3233320.021442
R43:3233319.335658,0.186534,3233320.021449,3233320.207984
R44:3233319.361667,0.096708,3233320.207998,3233320.304706
R45:3233319.404808,0.074024,3233320.304715,3233320.378739
R46:3233319.718240,0.163059,3233320.378747,3233320.541805
R47:3233319.825338,0.214719,3233320.541813,3233320.756532
R48:3233319.883247,0.140512,3233320.756541,3233320.897053
R49:3233319.934075,0.201567,3233320.897058,3233321.098625
R50:3233320.049352,0.020260,3233321.098635,3233321.118895
R51:3233320.115232,0.210611,3233321.118903,3233321.329514
R52:3233320.415319,0.177430,3233321.329522,3233321.506951
R53:3233320.431303,0.047129,3233321.506958,3233321.554087
R54:3233320.533777,0.027498,3233321.554095,3233321.581593
R55:3233320.630437,0.030616,3233321.581599,3233321.612214
R56:3233320.784621,0.021360,3233321.612219,3233321.633579
R57:3233320.843873,0.026941,3233321.633586,3233321.660527
R58:3233320.864648,0.044893,3233321.660536,3233321.705428
R59:3233320.945947,0.197754,3233321.705436,3233321.903190
R60:3233320.964538,0.011230,3233321.903228,3233321.914458
R61:3233320.975430,0.119092,3233321.914463,3233322.033555
R62:3233321.043842,0.227786,3233322.033563,3233322.261349
R63:3233321.462177,0.040266,3233322.261357,3233322.301623
R64:3233321.577526,0.038326,3233322.301632,3233322.339958
R65:3233321.716070,0.022026,3233322.339965,3233322.361991
R66:3233321.750913,0.023355,3233322.361995,3233322.385350
R67:3233321.838741,0.109777,3233322.385357,3233322.495134
R68:3233321.855281,0.131443,3233322.495142,3233322.626585
R69:3233321.868696,0.113898,3233322.626592,3233322.740490
R70:3233321.886627,0.249818,3233322.740500,3233322.990318
R71:3233321.894379,0.061436,3233322.990324,3233323.051760
R72:3233321.899781,0.022877,3233323.051768,3233323.074645
R73:3233321.919170,0.109934,3233323.074652,3233323.184587
R74:3233322.079027,0.285300,3233323.184593,3233323.469894
R75:3233322.185909,0.118834,3233323.469901,3233323.588735
R76:3233322.287928,0.012076,3233323.588742,3233323.600818
R77:3233322.297748,0.006788,3233323.600826,3233323.607614
R78:3233322.371192,0.019082,3233323.607621,3233323.626703
R79:3233322.378446,0.142751,3233323.626710,3233323.769460
R80:3233322.440334,0.117406,3233323.769468,3233323.886874
R81:3233322.525511,0.014312,3233323.886881,3233323.901193
R82:3233322.530849,0.019047,3233323.901200,3233323.920248
R83:3233323.726324,0.011172,3233323.920255,3233323.931428
R84:3233323.947018,0.004631,3233323.947093,3233323.951725
R85:3233324.558910,0.006256,3233324.558983,3233324.565240
R86:3233324.763356,0.213737,3233324.763430,3233324.977167
R87:3233324.763780,0.016575,3233324.977187,3233324.993762
R88:3233324.853898,0.041423,3233324.993770,3233325.035193
R89:3233324.871713,0.142759,3233325.035200,3233325.177959
R90:3233325.115934,0.067004,3233325.177967,3233325.244971
R91:3233325.160429,0.050211,3233325.244978,3233325.295189
R92:3233325.247050,0.008747,3233325.295197,3233325.303944
R93:3233325.363335,0.117992,3233325.363403,3233325.481396
R94:3233325.439017,0.404774,3233325.481415,3233325.886189
R95:3233325.475306,0.175048,3233325.886199,3233326.061247
R96:3233325.561343,0.082609,3233326.061254,3233326.143864
R97:3233325.699106,0.114795,3233326.143870,3233326.258665
R98:3233325.702718,0.216275,3233326.258672,3233326.474947
R99:3233325.881844,0.148173,3233326.474954,3233326.623128
R100:3233326.088421,0.113487,3233326.623134,3233326.736621
R101:3233326.476839,0.342518,3233326.736679,3233327.079197
R102:3233326.710529,0.057307,3233327.079206,3233327.136513
R103:3233326.820461,0.147669,3233327.136521,3233327.284190
R104:3233326.838375,0.006677,3233327.284196,3233327.290873
R105:3233327.058155,0.023756,3233327.290877,3233327.314634
R106:3233327.163061,0.021687,3233327.314637,3233327.336324
R107:3233327.262351,0.031755,3233327.336331,3233327.368086
R108:3233327.382961,0.021935,3233327.383033,3233327.404968
R109:3233327.422833,0.083549,3233327.422897,3233327.506447
R110:3233327.430545,0.087755,3233327.506464,3233327.594219
R111:3233327.455866,0.296387,3233327.594228,3233327.890615
R112:3233327.527345,0.065824,3233327.890623,3233327.956448
R113:3233327.560207,0.010019,3233327.956455,3233327.966474
R114:3233327.687247,0.074818,3233327.966481,3233328.041299
R115:3233327.751021,0.049959,3233328.041308,3233328.091267
R116:3233328.039836,0.156817,3233328.091275,3233328.248091
R117:3233328.080843,0.000270,3233328.248101,3233328.248371
R118:3233328.137856,0.076042,3233328.248376,3233328.324418
R119:3233328.180165,0.022203,3233328.324425,3233328.346628
R120:3233328.359292,0.054968,3233328.359372,3233328.414340
R121:3233328.471838,0.030315,3233328.471905,3233328.502221
R122:3233328.537610,0.016798,3233328.537675,3233328.554473
R123:3233328.662125,0.003477,3233328.662196,3233328.665673
R124:3233328.759370,0.099223,3233328.759447,3233328.858670
R125:3233328.812817,0.084593,3233328.858686,3233328.943279
R126:3233328.924889,0.017009,3233328.943286,3233328.960295
R127:3233328.967531,0.082217,3233328.967594,3233329.049811
R128:3233329.061468,0.033171,3233329.061541,3233329.094712
R129:3233329.192679,0.018826,3233329.192750,3233329.211576
R130:3233329.327561,0.096201,3233329.327631,3233329.423832
R131:3233329.581290,0.024785,3233329.581359,3233329.606144
R132:3233329.687177,0.007644,3233329.687253,3233329.694897
R133:3233329.763206,0.174891,3233329.763281,3233329.938172
R134:3233329.793389,0.008202,3233329.938190,3233329.946393
R135:3233329.909269,0.037399,3233329.946400,3233329.983800
R136:3233329.921073,0.074955,3233329.983807,3233330.058763
R137:3233330.007045,0.028398,3233330.058769,3233330.087167
R138:3233330.116878,0.028351,3233330.116941,3233330.145292
R139:3233330.266392,0.017534,3233330.266464,3233330.283998
R140:3233330.306392,0.000299,3233330.306471,3233330.306770
R141:3233330.722212,0.033557,3233330.722231,3233330.755789
R142:3233330.897894,0.047799,3233330.897957,3233330.945756
R143:3233330.918750,0.209371,3233330.945776,3233331.155147
R144:3233331.237291,0.100075,3233331.237354,3233331.337429
R145:3233331.382059,0.096473,3233331.382124,3233331.478598
R146:3233331.394979,0.124036,3233331.478617,3233331.602653
R147:3233331.443409,0.206683,3233331.602662,3233331.809345
R148:3233331.729976,0.018966,3233331.809354,3233331.828319
R149:3233331.927972,0.066181,3233331.928054,3233331.994235
R150:3233332.085801,0.196097,3233332.085870,3233332.281967
R151:3233332.121089,0.172609,3233332.281987,3233332.454596
R152:3233332.361494,0.071541,3233332.454604,3233332.526145
R153:3233332.430445,0.026674,3233332.526152,3233332.552826
R154:3233332.448216,0.056505,3233332.552833,3233332.609338
R155:3233332.648158,0.157508,3233332.648223,3233332.805731
R156:3233332.710463,0.028665,3233332.805746,3233332.834411
R157:3233332.778982,0.096048,3233332.834416,3233332.930464
R158:3233332.798885,0.012477,3233332.930471,3233332.942948
R159:3233332.928921,0.056509,3233332.942955,3233332.999464
R160:3233333.021336,0.107356,3233333.021400,3233333.128756
R161:3233333.203440,0.020915,3233333.203524,3233333.224439
R162:3233333.223073,0.010772,3233333.224456,3233333.235228
R163:3233333.292101,0.037248,3233333.292164,3233333.329413
R164:3233333.306985,0.223892,3233333.329434,3233333.553327
R165:3233333.346265,0.081093,3233333.553334,3233333.634427
R166:3233333.585394,0.142038,3233333.634434,3233333.776471
R167:3233333.766696,0.033994,3233333.776480,3233333.810474
R168:3233333.835234,0.089615,3233333.835302,3233333.924917
R169:3233333.885381,0.024969,3233333.924935,3233333.949904
R170:3233333.979262,0.006276,3233333.979340,3233333.985616
R171:3233333.995664,0.086823,3233333.995728,3233334.082551
R172:3233334.007082,0.028338,3233334.082567,3233334.110906
R173:3233334.052278,0.007964,3233334.110915,3233334.118879
R174:3233334.092539,0.227135,3233334.118884,3233334.346019
R175:3233334.148289,0.025709,3233334.346026,3233334.371735
R176:3233334.235901,0.119546,3233334.371741,3233334.491288
R177:3233334.343419,0.014259,3233334.491294,3233334.505553
R178:3233334.410255,0.081884,3233334.505558,3233334.587441
R179:3233334.624849,0.019416,3233334.624920,3233334.644337
R180:3233334.697776,0.046289,3233334.697845,3233334.744134
R181:3233334.779327,0.041793,3233334.779399,3233334.821193
R182:3233334.956492,0.032879,3233334.956569,3233334.989448
R183:3233334.984512,0.084827,3233334.989462,3233335.074289
R184:3233335.115214,0.034405,3233335.115277,3233335.149682
R185:3233335.534159,0.012189,3233335.534230,3233335.546419
R186:3233335.762013,0.000452,3233335.762089,3233335.762541
R187:3233335.814917,0.124078,3233335.814990,3233335.939068
R188:3233335.967840,0.010149,3233335.967903,3233335.978052
R189:3233336.002616,0.106380,3233336.002679,3233336.109060
R190:3233336.203267,0.049684,3233336.203335,3233336.253019
R191:3233336.208314,0.102558,3233336.253039,3233336.355597
R192:3233336.638584,0.053521,3233336.638650,3233336.692171
R193:3233336.662275,0.008219,3233336.692191,3233336.700410
R194:3233336.862665,0.040226,3233336.862732,3233336.902958
R195:3233336.873158,0.089198,3233336.902979,3233336.992177
R196:3233336.909081,0.011768,3233336.992183,3233337.003952
R197:3233337.074683,0.004575,3233337.074752,3233337.079327
R198:3233337.079978,0.126507,3233337.079990,3233337.206497
R199:3233337.141183,0.048700,3233337.206506,3233337.255206
R200:3233337.258981,0.074226,3233337.259044,3233337.333271
R201:3233337.271670,0.062901,3233337.333288,3233337.396188
R202:3233337.358101,0.037441,3233337.396196,3233337.433637
R203:3233337.448506,0.182978,3233337.448578,3233337.631556
R204:3233337.484793,0.015509,3233337.631571,3233337.647081
R205:3233337.549535,0.062168,3233337.647090,3233337.709258
R206:3233337.643632,0.075569,3233337.709265,3233337.784834
R207:3233337.740114,0.147569,3233337.784841,3233337.932410
R208:3233337.766732,0.008672,3233337.932417,3233337.941089
R209:3233337.774004,0.015492,3233337.941096,3233337.956588
R210:3233338.031352,0.021294,3233338.031419,3233338.052713
R211:3233338.097084,0.028638,3233338.097164,3233338.125803
R212:3233338.272403,0.175501,3233338.272470,3233338.447972
R213:3233338.316599,0.140575,3233338.447993,3233338.588569
R214:3233338.358803,0.003084,3233338.588577,3233338.591661
R215:3233338.466440,0.125520,3233338.591665,3233338.717185
R216:3233338.496216,0.150710,3233338.717192,3233338.867902
R217:3233338.594563,0.020813,3233338.867927,3233338.888740
R218:3233338.631410,0.078991,3233338.888748,3233338.967739
R219:3233338.653482,0.093560,3233338.967746,3233339.061306
R220:3233338.665109,0.105920,3233339.061313,3233339.167233
R221:3233338.817559,0.042734,3233339.167241,3233339.209975
R222:3233338.839923,0.047431,3233339.209981,3233339.257412
R223:3233338.877858,0.040613,3233339.257419,3233339.298032
R224:3233338.904129,0.014008,3233339.298037,3233339.312045
R225:3233338.980245,0.001224,3233339.312051,3233339.313275
R226:3233339.061310,0.040128,3233339.313281,3233339.353409
R227:3233339.109154,0.111429,3233339.353415,3233339.464845
R228:3233339.145602,0.087404,3233339.464851,3233339.552255
R229:3233339.175776,0.210052,3233339.552261,3233339.762314
R230:3233339.256149,0.138300,3233339.762322,3233339.900622
R231:3233339.371985,0.031158,3233339.900628,3233339.931785
R232:3233339.491673,0.000502,3233339.931790,3233339.932292
R233:3233339.595493,0.154777,3233339.932295,3233340.087072
R234:3233339.671633,0.085763,3233340.087081,3233340.172845
R235:3233339.767989,0.042667,3233340.172851,3233340.215518
R236:3233339.841083,0.105744,3233340.215528,3233340.321272
R237:3233339.886054,0.094385,3233340.321277,3233340.415662
R238:3233340.047956,0.002787,3233340.415669,3233340.418457
R239:3233340.064552,0.096456,3233340.418461,3233340.514917
R240:3233340.071123,0.080404,3233340.514924,3233340.595328
R241:3233340.091904,0.069912,3233340.595335,3233340.665246
R242:3233340.212406,0.000477,3233340.665252,3233340.665729
R243:3233340.212525,0.025269,3233340.665734,3233340.691003
R244:3233340.248947,0.162400,3233340.691009,3233340.853409
R245:3233340.355479,0.034797,3233340.853417,3233340.888214
R246:3233340.375473,0.176004,3233340.888220,3233341.064224
R247:3233340.485540,0.031313,3233341.064232,3233341.095545
R248:3233340.591476,0.017177,3233341.095553,3233341.112730
R249:3233340.807776,0.058341,3233341.112740,3233341.171082
R250:3233340.824877,0.093829,3233341.171093,3233341.264922
R251:3233341.001465,0.017675,3233341.264930,3233341.282604
R252:3233341.235989,0.102034,3233341.282611,3233341.384644
R253:3233341.286173,0.066062,3233341.384651,3233341.450713
R254:3233341.489377,0.224617,3233341.489452,3233341.714069
R255:3233341.623692,0.217625,3233341.714086,3233341.931711
R256:3233341.650241,0.225779,3233341.931719,3233342.157499
R257:3233341.730420,0.067019,3233342.157507,3233342.224526
R258:3233341.798630,0.133972,3233342.224533,3233342.358506
R259:3233342.078536,0.075219,3233342.358512,3233342.433731
R260:3233342.246818,0.446682,3233342.433738,3233342.880420
R261:3233342.353887,0.032697,3233342.880428,3233342.913125
R262:3233342.628549,0.074129,3233342.913132,3233342.987261
R263:3233342.835948,0.118692,3233342.987267,3233343.105959
R264:3233342.937502,0.132026,3233343.105965,3233343.237990
R265:3233343.086862,0.077275,3233343.237996,3233343.315271
R266:3233343.117355,0.015222,3233343.315278,3233343.330501
R267:3233343.180955,0.166926,3233343.330531,3233343.497458
R268:3233343.339674,0.090990,3233343.497473,3233343.588463
R269:3233343.546055,0.078892,3233343.588471,3233343.667363
R270:3233343.599245,0.086444,3233343.667371,3233343.753815
R271:3233343.690108,0.013381,3233343.753823,3233343.767204
R272:3233343.767454,0.002793,3233343.767474,3233343.770267
R273:3233343.853982,0.060844,3233343.854057,3233343.914900
R274:3233343.974692,0.060309,3233343.974792,3233344.035101
R275:3233344.153440,0.056081,3233344.153514,3233344.209595
R276:3233344.165396,0.004143,3233344.209610,3233344.213753
R277:3233344.236806,0.040465,3233344.236870,3233344.277335
R278:3233344.405201,0.050142,3233344.405277,3233344.455419
R279:3233344.506723,0.044405,3233344.506797,3233344.551202
R280:3233344.522274,0.043514,3233344.551219,3233344.594733
R281:3233344.550652,0.105368,3233344.594740,3233344.700108
R282:3233344.552416,0.139697,3233344.700115,3233344.839812
R283:3233344.637686,0.049328,3233344.839819,3233344.889147
R284:3233344.725082,0.444320,3233344.889153,3233345.333473
R285:3233344.789973,0.006430,3233345.333480,3233345.339910
R286:3233344.796029,0.075793,3233345.339914,3233345.415707
R287:3233344.898410,0.020682,3233345.415732,3233345.436414
R288:3233344.923595,0.214219,3233345.436421,3233345.650641
R289:3233345.023089,0.051790,3233345.650648,3233345.702439
R290:3233345.157011,0.158420,3233345.702446,3233345.860865
R291:3233345.214741,0.247849,3233345.860872,3233346.108721
R292:3233345.519791,0.121398,3233346.108728,3233346.230126
R293:3233345.749145,0.064123,3233346.230132,3233346.294255
R294:3233345.789733,0.054102,3233346.294262,3233346.348365
R295:3233345.814475,0.052306,3233346.348370,3233346.400677
R296:3233346.113695,0.284973,3233346.400684,3233346.685657
R297:3233346.329394,0.051047,3233346.685665,3233346.736712
R298:3233346.349706,0.121196,3233346.736720,3233346.857916
R299:3233346.501227,0.024821,3233346.857923,3233346.882744
R300:3233346.736392,0.275881,3233346.882750,3233347.158631
R301:3233346.879784,0.042900,3233347.158638,3233347.201538
R302:3233346.920113,0.067370,3233347.201544,3233347.268914
R303:3233347.002396,0.017666,3233347.268920,3233347.286586
R304:3233347.099732,0.037204,3233347.286591,3233347.323796
R305:3233347.164739,0.206932,3233347.323803,3233347.530734
R306:3233347.270843,0.077732,3233347.530742,3233347.608474
R307:3233347.294509,0.009690,3233347.608480,3233347.618170
R308:3233347.495084,0.018491,3233347.618174,3233347.636666
R309:3233347.541859,0.074849,3233347.636671,3233347.711520
R310:3233347.645858,0.075599,3233347.711527,3233347.787126
R311:3233347.758738,0.068580,3233347.787132,3233347.855712
R312:3233347.764810,0.023158,3233347.855721,3233347.878879
R313:3233347.847737,0.035113,3233347.878885,3233347.913998
R314:3233347.849651,0.214415,3233347.914003,3233348.128418
R315:3233347.850566,0.122722,3233348.128424,3233348.251146
R316:3233347.942556,0.225595,3233348.251154,3233348.476749
R317:3233348.160774,0.049514,3233348.476756,3233348.526270
R318:3233348.179783,0.132156,3233348.526276,3233348.658433
R319:3233348.246676,0.281006,3233348.658439,3233348.939446
R320:3233348.348571,0.028881,3233348.939453,3233348.968334
R321:3233348.365459,0.037979,3233348.968342,3233349.006321
R322:3233348.579344,0.114741,3233349.006328,3233349.121069
R323:3233348.809041,0.026568,3233349.121081,3233349.147649
R324:3233348.873636,0.010873,3233349.147656,3233349.158530
R325:3233349.166712,0.081336,3233349.166794,3233349.248130
R326:3233349.367474,0.215346,3233349.367560,3233349.582905
R327:3233349.494303,0.027640,3233349.582927,3233349.610567
R328:3233349.514653,0.018906,3233349.610575,3233349.629481
R329:3233349.532951,0.016156,3233349.629489,3233349.645645
R330:3233349.631341,0.021516,3233349.645651,3233349.667167
R331:3233349.644892,0.001164,3233349.667172,3233349.668335
R332:3233349.938502,0.010652,3233349.938568,3233349.949220
R333:3233349.956042,0.087139,3233349.956116,3233350.043256
R334:3233350.018009,0.008859,3233350.043273,3233350.052132
R335:3233350.264785,0.006097,3233350.264856,3233350.270954
R336:3233350.360042,0.057170,3233350.360118,3233350.417287
R337:3233350.410093,0.028915,3233350.417305,3233350.446220
R338:3233350.467473,0.202906,3233350.467536,3233350.670441
R339:3233350.495459,0.017633,3233350.670458,3233350.688091
R340:3233350.578972,0.047113,3233350.688095,3233350.735209
R341:3233350.582511,0.116660,3233350.735216,3233350.851876
R342:3233350.750666,0.516639,3233350.851883,3233351.368522
R343:3233350.794738,0.061782,3233351.368529,3233351.430311
R344:3233350.798376,0.090341,3233351.430319,3233351.520660
R345:3233350.820814,0.033077,3233351.520666,3233351.553743
R346:3233350.941146,0.086706,3233351.553748,3233351.640454
R347:3233351.161288,0.004289,3233351.640461,3233351.644750
R348:3233351.203072,0.135519,3233351.644758,3233351.780277
R349:3233351.348621,0.095455,3233351.780285,3233351.875740
R350:3233351.468596,0.031278,3233351.875747,3233351.907024
R351:3233351.703137,0.029477,3233351.907030,3233351.936507
R352:3233351.842770,0.017464,3233351.936514,3233351.953978
R353:3233352.008519,0.004577,3233352.008613,3233352.013190
R354:3233352.097956,0.014260,3233352.098023,3233352.112283
R355:3233352.108660,0.012198,3233352.112314,3233352.124512
R356:3233352.136654,0.004984,3233352.136718,3233352.141702
R357:3233352.225605,0.242465,3233352.225680,3233352.468146
R358:3233352.445932,0.216100,3233352.468173,3233352.684274
R359:3233352.451703,0.024751,3233352.684281,3233352.709033
R360:3233352.515018,0.015411,3233352.709039,3233352.724450
R361:3233352.603456,0.053912,3233352.724454,3233352.778366
R362:3233352.691309,0.217050,3233352.778374,3233352.995424
R363:3233352.860352,0.072739,3233352.995432,3233353.068171
R364:3233352.935122,0.021266,3233353.068177,3233353.089443
R365:3233353.065838,0.083666,3233353.089451,3233353.173116
R366:3233353.096520,0.001399,3233353.173123,3233353.174522
R367:3233353.173782,0.035585,3233353.174529,3233353.210113
R368:3233353.441905,0.061622,3233353.441988,3233353.503610
R369:3233353.464941,0.030581,3233353.503629,3233353.534210
R370:3233353.516192,0.086335,3233353.534218,3233353.620553
R371:3233353.630110,0.026114,3233353.630174,3233353.656289
R372:3233353.688694,0.033734,3233353.688759,3233353.722493
R373:3233353.810165,0.118652,3233353.810236,3233353.928888
R374:3233353.834317,0.095889,3233353.928905,3233354.024794
R375:3233353.864176,0.155427,3233354.024802,3233354.180229
R376:3233353.865812,0.076517,3233354.180236,3233354.256752
R377:3233354.057150,0.091875,3233354.256760,3233354.348635
R378:3233354.095939,0.156990,3233354.348641,3233354.505631
R379:3233354.170775,0.024668,3233354.505639,3233354.530307
R380:3233354.199578,0.060194,3233354.530313,3233354.590508
R381:3233354.207189,0.078769,3233354.590514,3233354.669283
R382:3233354.427751,0.143518,3233354.669289,3233354.812807
R383:3233354.503478,0.111220,3233354.812817,3233354.924037
R384:3233354.822796,0.037183,3233354.924044,3233354.961227
R385:3233354.864954,0.002013,3233354.961232,3233354.963245
R386:3233354.869451,0.055665,3233354.963249,3233355.018913
R387:3233354.869965,0.102658,3233355.018920,3233355.121578
R388:3233354.904628,0.059006,3233355.121584,3233355.180590
R389:3233355.076194,0.006791,3233355.180597,3233355.187388
R390:3233355.139211,0.055081,3233355.187392,3233355.242473
R391:3233355.160410,0.003697,3233355.242480,3233355.246177
R392:3233355.417307,0.023404,3233355.417373,3233355.440778
R393:3233355.426131,0.078733,3233355.440798,3233355.519531
R394:3233355.550389,0.271566,3233355.550454,3233355.822020
R395:3233355.560142,0.015136,3233355.822051,3233355.837188
R396:3233355.762242,0.117988,3233355.837195,3233355.955183
R397:3233355.826864,0.000584,3233355.955190,3233355.955774
R398:3233355.977156,0.111130,3233355.977221,3233356.088351
R399:3233356.063581,0.213201,3233356.088369,3233356.301570
R400:3233356.199739,0.129124,3233356.301579,3233356.430703
R401:3233356.209882,0.008917,3233356.430711,3233356.439628
R402:3233356.502572,0.022795,3233356.502635,3233356.525431
R403:3233356.534723,0.008322,3233356.534786,3233356.543108
R404:3233356.700666,0.027053,3233356.700737,3233356.727791
R405:3233356.838005,0.231335,3233356.838072,3233357.069407
R406:3233356.857043,0.008473,3233357.069427,3233357.077901
R407:3233357.000119,0.155508,3233357.077912,3233357.233420
R408:3233357.397038,0.098263,3233357.397104,3233357.495367
R409:3233357.438830,0.047489,3233357.495388,3233357.542876
R410:3233357.499812,0.032628,3233357.542885,3233357.575513
R411:3233357.605958,0.011603,3233357.606022,3233357.617625
R412:3233357.697718,0.039568,3233357.697780,3233357.737348
R413:3233357.706199,0.089871,3233357.737368,3233357.827239
R414:3233357.720931,0.177164,3233357.827246,3233358.004411
R415:3233357.733091,0.019735,3233358.004417,3233358.024152
R416:3233357.820429,0.062721,3233358.024160,3233358.086881
R417:3233357.930797,0.239051,3233358.086887,3233358.325938
R418:3233357.968249,0.010851,3233358.325966,3233358.336817
R419:3233358.114443,0.060290,3233358.336822,3233358.397111
R420:3233358.118353,0.019809,3233358.397119,3233358.416928
R421:3233358.169322,0.014546,3233358.416935,3233358.431480
R422:3233358.229593,0.047395,3233358.431488,3233358.478882
R423:3233358.266449,0.087434,3233358.478888,3233358.566322
R424:3233358.266998,0.051650,3233358.566328,3233358.617978
R425:3233358.280494,0.126272,3233358.617985,3233358.744258
R426:3233358.289292,0.096180,3233358.744265,3233358.840445
R427:3233358.443442,0.168241,3233358.840452,3233359.008693
R428:3233358.684494,0.004028,3233359.008700,3233359.012728
R429:3233358.690972,0.016247,3233359.012735,3233359.028982
R430:3233358.765857,0.009667,3233359.028987,3233359.038654
R431:3233359.028785,0.075568,3233359.038659,3233359.114226
R432:3233359.077894,0.100425,3233359.114233,3233359.214658
R433:3233359.179623,0.043493,3233359.214665,3233359.258158
R434:3233359.257153,0.071832,3233359.258164,3233359.329997
R435:3233359.429996,0.020890,3233359.430066,3233359.450956
R436:3233359.684534,0.039060,3233359.684606,3233359.723667
R437:3233359.840246,0.008548,3233359.840313,3233359.848861
R438:3233359.888360,0.040826,3233359.888425,3233359.929251
R439:3233360.053370,0.226737,3233360.053436,3233360.280174
R440:3233360.190923,0.148383,3233360.280194,3233360.428577
R441:3233360.380158,0.084035,3233360.428584,3233360.512619
R442:3233360.505492,0.081660,3233360.512625,3233360.594285
R443:3233360.578094,0.072056,3233360.594294,3233360.666350
R444:3233360.647896,0.002493,3233360.666356,3233360.668850
R445:3233360.759326,0.076296,3233360.759391,3233360.835688
R446:3233360.900368,0.012951,3233360.900452,3233360.913403
R447:3233360.915344,0.125202,3233360.915424,3233361.040626
R448:3233360.937153,0.110767,3233361.040644,3233361.151411
R449:3233361.123127,0.091561,3233361.151421,3233361.242982
R450:3233361.143470,0.009298,3233361.242989,3233361.252287
R451:3233361.181014,0.008987,3233361.252291,3233361.261278
R452:3233361.400331,0.026262,3233361.400394,3233361.426657
R453:3233361.465687,0.028276,3233361.465752,3233361.494028
R454:3233361.487972,0.244790,3233361.494048,3233361.738838
R455:3233361.595166,0.058923,3233361.738846,3233361.797769
R456:3233361.620264,0.229529,3233361.797778,3233362.027306
R457:3233361.770984,0.029083,3233362.027313,3233362.056396
R458:3233361.786319,0.086190,3233362.056400,3233362.142591
R459:3233361.868650,0.022089,3233362.142597,3233362.164687
R460:3233362.075339,0.082710,3233362.164692,3233362.247402
R461:3233362.187429,0.139719,3233362.247409,3233362.387129
R462:3233362.366145,0.002405,3233362.387138,3233362.389543
R463:3233362.514564,0.080103,3233362.514631,3233362.594735
R464:3233362.603829,0.124095,3233362.603901,3233362.727996
R465:3233362.748126,0.006655,3233362.748214,3233362.754869
R466:3233362.781580,0.015801,3233362.781645,3233362.797446
R467:3233362.993620,0.037163,3233362.993687,3233363.030850
R468:3233363.013349,0.039663,3233363.030871,3233363.070534
R469:3233363.071879,0.008844,3233363.071885,3233363.080729
R470:3233363.176162,0.169660,3233363.176228,3233363.345888
R471:3233363.215576,0.009167,3233363.345906,3233363.355074
R472:3233363.309127,0.115431,3233363.355082,3233363.470513
R473:3233363.473013,0.038080,3233363.473074,3233363.511155
R474:3233363.523896,0.026476,3233363.523959,3233363.550436
R475:3233363.574029,0.005890,3233363.574094,3233363.579984
R476:3233363.665575,0.047165,3233363.665645,3233363.712811
R477:3233363.897398,0.093622,3233363.897493,3233363.991116
R478:3233364.110462,0.053165,3233364.110528,3233364.163692
R479:3233364.172208,0.021178,3233364.172273,3233364.193451
R480:3233364.206807,0.071644,3233364.206869,3233364.278512
R481:3233364.235059,0.011231,3233364.278530,3233364.289760
R482:3233364.270897,0.054519,3233364.289766,3233364.344285
R483:3233364.409310,0.017816,3233364.409375,3233364.427191
R484:3233364.475843,0.011930,3233364.475908,3233364.487838
R485:3233364.671653,0.017004,3233364.671718,3233364.688722
R486:3233364.706356,0.192528,3233364.706366,3233364.898894
R487:3233364.706645,0.137790,3233364.898912,3233365.036702
R488:3233364.740722,0.096936,3233365.036709,3233365.133645
R489:3233364.845849,0.003813,3233365.133652,3233365.137465
R490:3233364.865141,0.124326,3233365.137472,3233365.261798
R491:3233365.186326,0.164599,3233365.261804,3233365.426403
R492:3233365.198318,0.429100,3233365.426409,3233365.855510
R493:3233365.221547,0.091862,3233365.855517,3233365.947379
R494:3233365.298363,0.146954,3233365.947388,3233366.094342
R495:3233365.361073,0.103706,3233366.094350,3233366.198056
R496:3233365.583942,0.017920,3233366.198063,3233366.215983
R497:3233365.635913,0.014006,3233366.215990,3233366.229997
R498:3233365.817926,0.032612,3233366.230004,3233366.262616
R499:3233365.929910,0.063366,3233366.262623,3233366.325989
